<?xml version="1.0" encoding="UTF-8"?>
<!-- Generated by org.testng.reporters.JUnitReportReporter -->
<testsuite skipped="0" hostname="H-ElFekey-Laptop" name="demo.V7putPatchDelet" tests="4" failures="0" timestamp="09 Nov 2021 11:46:17 GMT" time="3.774" errors="0">
  <testcase name="Delete_test" time="2.151" classname="demo.V7putPatchDelet"/>
  <testcase name="put_test" time="0.426" classname="demo.V7putPatchDelet"/>
  <testcase name="patch_test" time="0.676" classname="demo.V7putPatchDelet"/>
  <testcase name="post_test" time="0.521" classname="demo.V7putPatchDelet"/>
</testsuite> <!-- demo.V7putPatchDelet -->
