<?xml version="1.0" encoding="UTF-8"?>
<!-- Generated by org.testng.reporters.JUnitReportReporter -->
<testsuite skipped="0" hostname="H-ElFekey-Laptop" name="demo.V6" tests="1" failures="0" timestamp="07 Nov 2021 04:26:14 GMT" time="2.392" errors="0">
  <testcase name="post_test" time="2.392" classname="demo.V6"/>
</testsuite> <!-- demo.V6 -->
