<?xml version="1.0" encoding="UTF-8"?>
<!-- Generated by org.testng.reporters.JUnitReportReporter -->
<testsuite skipped="0" hostname="H-ElFekey-Laptop" name="demo.V12ValidatingSoapXmlResult" tests="1" failures="0" timestamp="17 Nov 2021 07:34:55 GMT" time="2.952" errors="0">
  <testcase name="soapRequest3" time="2.952" classname="demo.V12ValidatingSoapXmlResult"/>
</testsuite> <!-- demo.V12ValidatingSoapXmlResult -->
