<?xml version="1.0" encoding="UTF-8"?>
<!-- Generated by org.testng.reporters.JUnitReportReporter -->
<testsuite skipped="0" hostname="H-ElFekey-Laptop" name="demo.V10SchemaValidation" tests="1" failures="0" timestamp="10 Nov 2021 01:11:57 GMT" time="2.813" errors="0">
  <testcase name="SchemaValidation_try" time="2.813" classname="demo.V10SchemaValidation"/>
</testsuite> <!-- demo.V10SchemaValidation -->
