<?xml version="1.0" encoding="UTF-8"?>
<!-- Generated by org.testng.reporters.JUnitReportReporter -->
<testsuite skipped="0" hostname="H-ElFekey-Laptop" name="demo.V11SoapRequest" tests="3" failures="0" timestamp="17 Nov 2021 06:50:04 GMT" time="5.309" errors="0">
  <testcase name="soapRequest2" time="0.831" classname="demo.V11SoapRequest"/>
  <testcase name="SoapReq_try" time="3.552" classname="demo.V11SoapRequest"/>
  <testcase name="soapRequest3" time="0.926" classname="demo.V11SoapRequest"/>
</testsuite> <!-- demo.V11SoapRequest -->
