<?xml version="1.0" encoding="UTF-8"?>
<!-- Generated by org.testng.reporters.JUnitReportReporter -->
<testsuite skipped="0" hostname="DESKTOP-FUR6L4J" name="tests.Trying_revision" tests="3" failures="0" timestamp="28 May 2021 11:09:37 GMT" time="4.340" errors="0">
  <testcase name="putTry" time="0.516" classname="tests.Trying_revision"/>
  <testcase name="deleteTry" time="3.165" classname="tests.Trying_revision"/>
  <testcase name="patchTry" time="0.659" classname="tests.Trying_revision"/>
</testsuite> <!-- tests.Trying_revision -->
